{"at":"2026-02-25T22:30:09.116Z","event":"auth.login","ip":"::ffff:192.168.1.4","userId":"mlzoh9wp","email":"popovlev910@gmail.com","status":"ok","reason":""}
{"at":"2026-02-26T22:05:04.275Z","event":"auth.login","ip":"::ffff:192.168.1.3","userId":"mlzoh9wp","email":"popovlev910@gmail.com","status":"ok","reason":""}
{"at":"2026-02-27T18:20:57.500Z","event":"auth.logout","ip":"::ffff:192.168.1.3","userId":"mlzoh9wp","email":"popovlev910@gmail.com","status":"ok","reason":""}
{"at":"2026-02-27T18:21:14.969Z","event":"auth.login","ip":"::ffff:192.168.1.3","userId":"mlzoh9wp","email":"popovlev910@gmail.com","status":"ok","reason":""}
{"at":"2026-02-27T18:26:14.744Z","event":"auth.logout","ip":"::ffff:192.168.1.3","userId":"mlzoh9wp","email":"popovlev910@gmail.com","status":"ok","reason":""}
{"at":"2026-02-27T18:26:33.708Z","event":"auth.login","ip":"::ffff:192.168.1.3","userId":"mlzoh9wp","email":"popovlev910@gmail.com","status":"ok","reason":""}
{"at":"2026-02-27T18:26:52.561Z","event":"auth.logout","ip":"::ffff:192.168.1.3","userId":"mlzoh9wp","email":"popovlev910@gmail.com","status":"ok","reason":""}
{"at":"2026-02-27T18:27:21.192Z","event":"auth.login","ip":"::ffff:192.168.1.3","userId":"mlzoh9wp","email":"popovlev910@gmail.com","status":"ok","reason":""}
{"at":"2026-02-27T18:28:28.951Z","event":"auth.logout","ip":"::ffff:192.168.1.3","userId":"mlzoh9wp","email":"popovlev910@gmail.com","status":"ok","reason":""}
{"at":"2026-02-27T18:28:39.687Z","event":"auth.login","ip":"::ffff:192.168.1.3","userId":"mlzoh9wp","email":"popovlev910@gmail.com","status":"ok","reason":""}
{"at":"2026-02-27T18:29:50.489Z","event":"auth.logout","ip":"::ffff:192.168.1.3","userId":"mlzoh9wp","email":"popovlev910@gmail.com","status":"ok","reason":""}
{"at":"2026-02-27T18:30:32.991Z","event":"auth.login","ip":"::ffff:192.168.1.3","userId":"mlzoh9wp","email":"popovlev910@gmail.com","status":"ok","reason":""}
{"at":"2026-02-27T18:31:24.784Z","event":"auth.logout","ip":"::ffff:192.168.1.3","userId":"mlzoh9wp","email":"popovlev910@gmail.com","status":"ok","reason":""}
{"at":"2026-02-27T18:35:27.321Z","event":"auth.login","ip":"::ffff:192.168.1.3","userId":"mlzoh9wp","email":"popovlev910@gmail.com","status":"ok","reason":""}
{"at":"2026-02-27T19:05:28.125Z","event":"auth.logout","ip":"::ffff:192.168.1.3","userId":"mlzoh9wp","email":"popovlev910@gmail.com","status":"ok","reason":""}
{"at":"2026-02-27T19:06:05.050Z","event":"auth.login","ip":"::ffff:192.168.1.3","userId":"mlzoh9wp","email":"popovlev910@gmail.com","status":"ok","reason":""}
{"at":"2026-02-27T19:12:00.300Z","event":"auth.logout","ip":"::ffff:192.168.1.3","userId":"mlzoh9wp","email":"popovlev910@gmail.com","status":"ok","reason":""}
{"at":"2026-02-27T19:12:08.634Z","event":"auth.login","ip":"::ffff:192.168.1.3","userId":"mlzoh9wp","email":"popovlev910@gmail.com","status":"ok","reason":""}
{"at":"2026-02-28T21:23:52.517Z","event":"auth.login","ip":"::1","userId":"","email":"admin","status":"reject","reason":"invalid_credentials"}
{"at":"2026-02-28T21:23:53.245Z","event":"auth.login","ip":"::1","userId":"","email":"admin","status":"reject","reason":"invalid_credentials"}
{"at":"2026-02-28T21:24:16.460Z","event":"auth.login","ip":"::1","userId":"","email":"admin","status":"reject","reason":"invalid_credentials"}
{"at":"2026-02-28T21:29:14.133Z","event":"auth.login","ip":"::1","userId":"","email":"admin","status":"reject","reason":"invalid_credentials"}
{"at":"2026-02-28T21:29:14.994Z","event":"auth.login","ip":"::1","userId":"","email":"admin","status":"reject","reason":"invalid_credentials"}
{"at":"2026-02-28T21:33:47.816Z","event":"auth.login","ip":"::1","userId":"","email":"admin","status":"reject","reason":"invalid_credentials"}
{"at":"2026-02-28T21:36:46.718Z","event":"auth.register","ip":"::1","userId":"mm6ucuov","email":"admin@gmail.com","status":"ok","reason":""}
{"at":"2026-02-28T21:36:46.832Z","event":"auth.me","ip":"::1","userId":"mm6ucuov","email":"admin@gmail.com","status":"ok","reason":""}
{"at":"2026-02-28T21:36:46.842Z","event":"auth.me","ip":"::1","userId":"mm6ucuov","email":"admin@gmail.com","status":"ok","reason":""}
{"at":"2026-02-28T21:36:49.474Z","event":"auth.me","ip":"::1","userId":"mm6ucuov","email":"admin@gmail.com","status":"ok","reason":""}
{"at":"2026-02-28T21:36:49.480Z","event":"auth.me","ip":"::1","userId":"mm6ucuov","email":"admin@gmail.com","status":"ok","reason":""}
{"at":"2026-02-28T21:36:57.385Z","event":"admin.user.subscription","ip":"::1","userId":"mm6ucuov","email":"admin@gmail.com","status":"ok","reason":""}
{"at":"2026-02-28T21:37:02.238Z","event":"admin.user.subscription","ip":"::1","userId":"mm6ucuov","email":"admin@gmail.com","status":"ok","reason":""}
{"at":"2026-02-28T21:37:03.641Z","event":"admin.user.subscription","ip":"::1","userId":"mm6ucuov","email":"admin@gmail.com","status":"ok","reason":""}
{"at":"2026-02-28T21:37:30.133Z","event":"auth.logout","ip":"::1","userId":"mm6ucuov","email":"admin@gmail.com","status":"ok","reason":""}
{"at":"2026-02-28T21:37:38.543Z","event":"auth.login","ip":"::1","userId":"mlzoh9wp","email":"popovlev910@gmail.com","status":"ok","reason":""}
{"at":"2026-02-28T21:37:38.627Z","event":"auth.me","ip":"::1","userId":"mlzoh9wp","email":"popovlev910@gmail.com","status":"ok","reason":""}
{"at":"2026-02-28T21:37:38.631Z","event":"auth.me","ip":"::1","userId":"mlzoh9wp","email":"popovlev910@gmail.com","status":"ok","reason":""}
{"at":"2026-02-28T21:37:40.046Z","event":"billing.demo.upgrade","ip":"::1","userId":"mlzoh9wp","email":"popovlev910@gmail.com","status":"ok","reason":""}
{"at":"2026-02-28T21:37:41.229Z","event":"billing.demo.cancel","ip":"::1","userId":"mlzoh9wp","email":"popovlev910@gmail.com","status":"ok","reason":""}
{"at":"2026-02-28T21:43:52.452Z","event":"billing.demo.upgrade","ip":"::1","userId":"mlzoh9wp","email":"popovlev910@gmail.com","status":"ok","reason":""}
{"at":"2026-02-28T21:43:53.203Z","event":"billing.demo.cancel","ip":"::1","userId":"mlzoh9wp","email":"popovlev910@gmail.com","status":"ok","reason":""}
{"at":"2026-02-28T21:43:55.186Z","event":"auth.logout","ip":"::1","userId":"mlzoh9wp","email":"popovlev910@gmail.com","status":"ok","reason":""}
{"at":"2026-02-28T21:44:03.200Z","event":"auth.login","ip":"::1","userId":"mm6ucuov","email":"admin@gmail.com","status":"ok","reason":""}
{"at":"2026-02-28T21:44:03.294Z","event":"auth.me","ip":"::1","userId":"mm6ucuov","email":"admin@gmail.com","status":"ok","reason":""}
{"at":"2026-02-28T21:44:03.299Z","event":"auth.me","ip":"::1","userId":"mm6ucuov","email":"admin@gmail.com","status":"ok","reason":""}
{"at":"2026-02-28T21:44:05.863Z","event":"auth.me","ip":"::1","userId":"mm6ucuov","email":"admin@gmail.com","status":"ok","reason":""}
{"at":"2026-02-28T21:44:05.870Z","event":"auth.me","ip":"::1","userId":"mm6ucuov","email":"admin@gmail.com","status":"ok","reason":""}
{"at":"2026-02-28T21:44:18.505Z","event":"admin.user.subscription","ip":"::1","userId":"mm6ucuov","email":"admin@gmail.com","status":"ok","reason":""}
{"at":"2026-02-28T21:44:19.372Z","event":"admin.user.subscription","ip":"::1","userId":"mm6ucuov","email":"admin@gmail.com","status":"ok","reason":""}
{"at":"2026-02-28T21:44:25.960Z","event":"admin.user.subscription","ip":"::1","userId":"mm6ucuov","email":"admin@gmail.com","status":"ok","reason":""}
{"at":"2026-02-28T21:44:27.822Z","event":"admin.user.subscription","ip":"::1","userId":"mm6ucuov","email":"admin@gmail.com","status":"ok","reason":""}
{"at":"2026-02-28T21:44:35.003Z","event":"auth.logout","ip":"::1","userId":"mm6ucuov","email":"admin@gmail.com","status":"ok","reason":""}
{"at":"2026-02-28T21:44:44.691Z","event":"auth.login","ip":"::1","userId":"mlzoh9wp","email":"popovlev910@gmail.com","status":"ok","reason":""}
{"at":"2026-02-28T21:44:44.780Z","event":"auth.me","ip":"::1","userId":"mlzoh9wp","email":"popovlev910@gmail.com","status":"ok","reason":""}
{"at":"2026-02-28T21:44:44.783Z","event":"auth.me","ip":"::1","userId":"mlzoh9wp","email":"popovlev910@gmail.com","status":"ok","reason":""}
{"at":"2026-02-28T21:44:46.179Z","event":"billing.demo.upgrade","ip":"::1","userId":"mlzoh9wp","email":"popovlev910@gmail.com","status":"ok","reason":""}
{"at":"2026-02-28T21:44:47.065Z","event":"billing.demo.cancel","ip":"::1","userId":"mlzoh9wp","email":"popovlev910@gmail.com","status":"ok","reason":""}
{"at":"2026-03-03T18:05:47.860Z","event":"auth.login","ip":"::1","userId":"mm6ucuov","email":"admin@gmail.com","status":"ok","reason":""}
{"at":"2026-03-03T18:05:47.971Z","event":"auth.me","ip":"::1","userId":"mm6ucuov","email":"admin@gmail.com","status":"ok","reason":""}
{"at":"2026-03-03T18:05:47.974Z","event":"auth.me","ip":"::1","userId":"mm6ucuov","email":"admin@gmail.com","status":"ok","reason":""}
{"at":"2026-03-03T18:05:56.416Z","event":"auth.me","ip":"::1","userId":"mm6ucuov","email":"admin@gmail.com","status":"ok","reason":""}
{"at":"2026-03-03T18:05:56.418Z","event":"auth.me","ip":"::1","userId":"mm6ucuov","email":"admin@gmail.com","status":"ok","reason":""}
{"at":"2026-03-03T18:05:56.428Z","event":"auth.me","ip":"::1","userId":"mm6ucuov","email":"admin@gmail.com","status":"ok","reason":""}
{"at":"2026-03-03T18:05:56.431Z","event":"auth.me","ip":"::1","userId":"mm6ucuov","email":"admin@gmail.com","status":"ok","reason":""}
{"at":"2026-03-03T18:06:34.807Z","event":"auth.me","ip":"::1","userId":"mm6ucuov","email":"admin@gmail.com","status":"ok","reason":""}
{"at":"2026-03-03T18:06:34.810Z","event":"auth.me","ip":"::1","userId":"mm6ucuov","email":"admin@gmail.com","status":"ok","reason":""}
{"at":"2026-03-03T18:06:34.812Z","event":"auth.me","ip":"::1","userId":"mm6ucuov","email":"admin@gmail.com","status":"ok","reason":""}
{"at":"2026-03-03T18:06:34.815Z","event":"auth.me","ip":"::1","userId":"mm6ucuov","email":"admin@gmail.com","status":"ok","reason":""}
{"at":"2026-03-03T18:09:09.638Z","event":"auth.me","ip":"::1","userId":"mm6ucuov","email":"admin@gmail.com","status":"ok","reason":""}
{"at":"2026-03-03T18:09:09.641Z","event":"auth.me","ip":"::1","userId":"mm6ucuov","email":"admin@gmail.com","status":"ok","reason":""}
{"at":"2026-03-03T18:09:09.648Z","event":"auth.me","ip":"::1","userId":"mm6ucuov","email":"admin@gmail.com","status":"ok","reason":""}
{"at":"2026-03-03T18:09:09.650Z","event":"auth.me","ip":"::1","userId":"mm6ucuov","email":"admin@gmail.com","status":"ok","reason":""}
{"at":"2026-03-03T18:09:14.987Z","event":"auth.me","ip":"::1","userId":"mm6ucuov","email":"admin@gmail.com","status":"ok","reason":""}
{"at":"2026-03-03T18:09:14.990Z","event":"auth.me","ip":"::1","userId":"mm6ucuov","email":"admin@gmail.com","status":"ok","reason":""}
{"at":"2026-03-03T18:09:14.995Z","event":"auth.me","ip":"::1","userId":"mm6ucuov","email":"admin@gmail.com","status":"ok","reason":""}
{"at":"2026-03-03T18:09:14.997Z","event":"auth.me","ip":"::1","userId":"mm6ucuov","email":"admin@gmail.com","status":"ok","reason":""}
{"at":"2026-03-03T18:11:58.014Z","event":"auth.me","ip":"::1","userId":"mm6ucuov","email":"admin@gmail.com","status":"ok","reason":""}
{"at":"2026-03-03T18:11:58.017Z","event":"auth.me","ip":"::1","userId":"mm6ucuov","email":"admin@gmail.com","status":"ok","reason":""}
{"at":"2026-03-03T18:11:58.039Z","event":"auth.me","ip":"::1","userId":"mm6ucuov","email":"admin@gmail.com","status":"ok","reason":""}
{"at":"2026-03-03T18:11:58.046Z","event":"auth.me","ip":"::1","userId":"mm6ucuov","email":"admin@gmail.com","status":"ok","reason":""}
{"at":"2026-03-03T18:12:53.448Z","event":"auth.me","ip":"::1","userId":"mm6ucuov","email":"admin@gmail.com","status":"ok","reason":""}
{"at":"2026-03-03T18:12:53.452Z","event":"auth.me","ip":"::1","userId":"mm6ucuov","email":"admin@gmail.com","status":"ok","reason":""}
{"at":"2026-03-03T18:13:08.448Z","event":"auth.me","ip":"::1","userId":"mm6ucuov","email":"admin@gmail.com","status":"ok","reason":""}
{"at":"2026-03-03T18:13:08.452Z","event":"auth.me","ip":"::1","userId":"mm6ucuov","email":"admin@gmail.com","status":"ok","reason":""}
{"at":"2026-03-03T18:13:24.231Z","event":"auth.me","ip":"::1","userId":"mm6ucuov","email":"admin@gmail.com","status":"ok","reason":""}
{"at":"2026-03-03T18:13:24.234Z","event":"auth.me","ip":"::1","userId":"mm6ucuov","email":"admin@gmail.com","status":"ok","reason":""}
{"at":"2026-03-03T18:13:24.246Z","event":"auth.me","ip":"::1","userId":"mm6ucuov","email":"admin@gmail.com","status":"ok","reason":""}
{"at":"2026-03-03T18:13:24.252Z","event":"auth.me","ip":"::1","userId":"mm6ucuov","email":"admin@gmail.com","status":"ok","reason":""}
{"at":"2026-03-03T18:25:47.500Z","event":"auth.me","ip":"::1","userId":"mm6ucuov","email":"admin@gmail.com","status":"ok","reason":""}
{"at":"2026-03-03T18:25:47.505Z","event":"auth.me","ip":"::1","userId":"mm6ucuov","email":"admin@gmail.com","status":"ok","reason":""}
{"at":"2026-03-03T18:25:47.510Z","event":"auth.me","ip":"::1","userId":"mm6ucuov","email":"admin@gmail.com","status":"ok","reason":""}
{"at":"2026-03-03T18:25:47.514Z","event":"auth.me","ip":"::1","userId":"mm6ucuov","email":"admin@gmail.com","status":"ok","reason":""}
{"at":"2026-03-03T18:26:23.394Z","event":"admin.user.subscription","ip":"::1","userId":"mlwz2n6e","email":"popov@gmail.com","status":"ok","reason":""}
{"at":"2026-03-03T18:26:25.644Z","event":"admin.user.subscription","ip":"::1","userId":"mlwz2n6e","email":"popov@gmail.com","status":"ok","reason":""}
{"at":"2026-03-03T18:26:32.332Z","event":"admin.user.delete","ip":"::1","userId":"mlwz2n6e","email":"popov@gmail.com","status":"ok","reason":""}
{"at":"2026-03-03T18:26:37.662Z","event":"admin.user.subscription","ip":"::1","userId":"mlwz3xob","email":"popov1@gmail.com","status":"ok","reason":""}
{"at":"2026-03-03T18:27:27.454Z","event":"auth.me","ip":"::1","userId":"mm6ucuov","email":"admin@gmail.com","status":"ok","reason":""}
{"at":"2026-03-03T18:27:27.456Z","event":"auth.me","ip":"::1","userId":"mm6ucuov","email":"admin@gmail.com","status":"ok","reason":""}
{"at":"2026-03-03T18:42:38.455Z","event":"admin.user.role","ip":"::1","userId":"mm0t2467","email":"kirill.kulmanakov@vum.bg","status":"ok","reason":""}
{"at":"2026-03-03T18:57:55.972Z","event":"auth.me","ip":"::1","userId":"mm6ucuov","email":"admin@gmail.com","status":"ok","reason":""}
{"at":"2026-03-03T18:57:55.975Z","event":"auth.me","ip":"::1","userId":"mm6ucuov","email":"admin@gmail.com","status":"ok","reason":""}
{"at":"2026-03-03T18:57:55.984Z","event":"auth.me","ip":"::1","userId":"mm6ucuov","email":"admin@gmail.com","status":"ok","reason":""}
{"at":"2026-03-03T18:57:55.987Z","event":"auth.me","ip":"::1","userId":"mm6ucuov","email":"admin@gmail.com","status":"ok","reason":""}
{"at":"2026-03-03T21:17:19.719Z","event":"auth.me","ip":"::1","userId":"mm6ucuov","email":"admin@gmail.com","status":"ok","reason":""}
{"at":"2026-03-03T21:17:19.726Z","event":"auth.me","ip":"::1","userId":"mm6ucuov","email":"admin@gmail.com","status":"ok","reason":""}
{"at":"2026-03-03T21:17:25.185Z","event":"auth.me","ip":"::1","userId":"mm6ucuov","email":"admin@gmail.com","status":"ok","reason":""}
{"at":"2026-03-03T21:17:25.187Z","event":"auth.me","ip":"::1","userId":"mm6ucuov","email":"admin@gmail.com","status":"ok","reason":""}
{"at":"2026-03-03T21:17:25.198Z","event":"auth.me","ip":"::1","userId":"mm6ucuov","email":"admin@gmail.com","status":"ok","reason":""}
{"at":"2026-03-03T21:17:25.203Z","event":"auth.me","ip":"::1","userId":"mm6ucuov","email":"admin@gmail.com","status":"ok","reason":""}
{"at":"2026-03-03T21:18:33.239Z","event":"auth.me","ip":"::1","userId":"mm6ucuov","email":"admin@gmail.com","status":"ok","reason":""}
{"at":"2026-03-03T21:18:33.251Z","event":"auth.me","ip":"::1","userId":"mm6ucuov","email":"admin@gmail.com","status":"ok","reason":""}
{"at":"2026-03-03T21:18:33.258Z","event":"auth.me","ip":"::1","userId":"mm6ucuov","email":"admin@gmail.com","status":"ok","reason":""}
{"at":"2026-03-03T21:18:33.263Z","event":"auth.me","ip":"::1","userId":"mm6ucuov","email":"admin@gmail.com","status":"ok","reason":""}
{"at":"2026-03-03T21:18:48.620Z","event":"admin.user.role","ip":"::1","userId":"mm0t2467","email":"kirill.kulmanakov@vum.bg","status":"ok","reason":""}
{"at":"2026-03-03T21:19:02.236Z","event":"admin.user.role","ip":"::1","userId":"mlwz3xob","email":"popov1@gmail.com","status":"ok","reason":""}
{"at":"2026-03-03T21:19:13.698Z","event":"auth.me","ip":"::1","userId":"mm6ucuov","email":"admin@gmail.com","status":"ok","reason":""}
{"at":"2026-03-03T21:19:13.702Z","event":"auth.me","ip":"::1","userId":"mm6ucuov","email":"admin@gmail.com","status":"ok","reason":""}
{"at":"2026-03-03T21:19:13.706Z","event":"auth.me","ip":"::1","userId":"mm6ucuov","email":"admin@gmail.com","status":"ok","reason":""}
{"at":"2026-03-03T21:19:13.708Z","event":"auth.me","ip":"::1","userId":"mm6ucuov","email":"admin@gmail.com","status":"ok","reason":""}
{"at":"2026-03-03T21:19:14.598Z","event":"auth.logout","ip":"::1","userId":"mm6ucuov","email":"admin@gmail.com","status":"ok","reason":""}
{"at":"2026-03-03T21:19:35.792Z","event":"auth.register","ip":"::1","userId":"","email":"qwe","status":"reject","reason":"invalid_email"}
{"at":"2026-03-03T21:19:45.454Z","event":"auth.register","ip":"::1","userId":"mmb42iog","email":"qwe@gmail.com","status":"ok","reason":""}
{"at":"2026-03-03T21:19:45.618Z","event":"auth.me","ip":"::1","userId":"mmb42iog","email":"qwe@gmail.com","status":"ok","reason":""}
{"at":"2026-03-03T21:19:45.621Z","event":"auth.me","ip":"::1","userId":"mmb42iog","email":"qwe@gmail.com","status":"ok","reason":""}
{"at":"2026-03-03T21:19:45.624Z","event":"auth.me","ip":"::1","userId":"mmb42iog","email":"qwe@gmail.com","status":"ok","reason":""}
{"at":"2026-03-03T21:19:45.627Z","event":"auth.me","ip":"::1","userId":"mmb42iog","email":"qwe@gmail.com","status":"ok","reason":""}
{"at":"2026-03-03T21:20:00.368Z","event":"auth.logout","ip":"::1","userId":"mmb42iog","email":"qwe@gmail.com","status":"ok","reason":""}
{"at":"2026-03-03T21:20:08.248Z","event":"auth.login","ip":"::1","userId":"mm6ucuov","email":"admin@gmail.com","status":"ok","reason":""}
{"at":"2026-03-03T21:20:08.375Z","event":"auth.me","ip":"::1","userId":"mm6ucuov","email":"admin@gmail.com","status":"ok","reason":""}
{"at":"2026-03-03T21:20:08.377Z","event":"auth.me","ip":"::1","userId":"mm6ucuov","email":"admin@gmail.com","status":"ok","reason":""}
{"at":"2026-03-03T21:20:08.380Z","event":"auth.me","ip":"::1","userId":"mm6ucuov","email":"admin@gmail.com","status":"ok","reason":""}
{"at":"2026-03-03T21:20:08.383Z","event":"auth.me","ip":"::1","userId":"mm6ucuov","email":"admin@gmail.com","status":"ok","reason":""}
{"at":"2026-03-03T21:20:09.262Z","event":"auth.me","ip":"::1","userId":"mm6ucuov","email":"admin@gmail.com","status":"ok","reason":""}
{"at":"2026-03-03T21:20:09.264Z","event":"auth.me","ip":"::1","userId":"mm6ucuov","email":"admin@gmail.com","status":"ok","reason":""}
{"at":"2026-03-03T21:20:09.272Z","event":"auth.me","ip":"::1","userId":"mm6ucuov","email":"admin@gmail.com","status":"ok","reason":""}
{"at":"2026-03-03T21:20:09.276Z","event":"auth.me","ip":"::1","userId":"mm6ucuov","email":"admin@gmail.com","status":"ok","reason":""}
{"at":"2026-03-03T21:46:17.776Z","event":"auth.me","ip":"::1","userId":"mm6ucuov","email":"admin@gmail.com","status":"ok","reason":""}
{"at":"2026-03-03T21:46:17.781Z","event":"auth.me","ip":"::1","userId":"mm6ucuov","email":"admin@gmail.com","status":"ok","reason":""}
{"at":"2026-03-03T21:46:17.785Z","event":"auth.me","ip":"::1","userId":"mm6ucuov","email":"admin@gmail.com","status":"ok","reason":""}
{"at":"2026-03-03T21:46:17.790Z","event":"auth.me","ip":"::1","userId":"mm6ucuov","email":"admin@gmail.com","status":"ok","reason":""}
{"at":"2026-03-03T21:46:31.987Z","event":"auth.me","ip":"::1","userId":"mm6ucuov","email":"admin@gmail.com","status":"ok","reason":""}
{"at":"2026-03-03T21:46:31.990Z","event":"auth.me","ip":"::1","userId":"mm6ucuov","email":"admin@gmail.com","status":"ok","reason":""}
{"at":"2026-03-03T21:46:31.993Z","event":"auth.me","ip":"::1","userId":"mm6ucuov","email":"admin@gmail.com","status":"ok","reason":""}
{"at":"2026-03-03T21:46:32.002Z","event":"auth.me","ip":"::1","userId":"mm6ucuov","email":"admin@gmail.com","status":"ok","reason":""}
